# JRE version: OpenJDK Runtime Environment (11.0.10) (build 11.0.10+0-b96-7249189)
# Java VM: OpenJDK 64-Bit Server VM (11.0.10+0-b96-7249189, mixed mode, tiered, compressed oops, g1 gc, windows-amd64)
Heap:
 garbage-first heap   total 567296K, used 300277K [0x0000000080000000, 0x0000000100000000)
  region size 1024K, 170 young (174080K), 11 survivors (11264K)
 Metaspace       used 135121K, capacity 139863K, committed 140620K, reserved 1171456K
  class space    used 16151K, capacity 17800K, committed 17996K, reserved 1048576K
GC Heap History (20 events):
Event: 6798.888 GC heap before
{Heap before GC invocations=178 (full 0):
 garbage-first heap   total 567296K, used 144165K [0x0000000080000000, 0x0000000100000000)
  region size 1024K, 24 young (24576K), 1 survivors (1024K)
 Metaspace       used 134276K, capacity 138941K, committed 139852K, reserved 1171456K
  class space    used 16097K, capacity 17752K, committed 17996K, reserved 1048576K
}
Event: 6798.898 GC heap after
{Heap after GC invocations=179 (full 0):
 garbage-first heap   total 567296K, used 121691K [0x0000000080000000, 0x0000000100000000)
  region size 1024K, 1 young (1024K), 1 survivors (1024K)
 Metaspace       used 134276K, capacity 138941K, committed 139852K, reserved 1171456K
  class space    used 16097K, capacity 17752K, committed 17996K, reserved 1048576K
}
Event: 7310.242 GC heap before
{Heap before GC invocations=180 (full 0):
 garbage-first heap   total 567296K, used 468784K [0x0000000080000000, 0x0000000100000000)
  region size 1024K, 293 young (300032K), 1 survivors (1024K)
 Metaspace       used 134363K, capacity 138963K, committed 139852K, reserved 1171456K
  class space    used 16099K, capacity 17755K, committed 17996K, reserved 1048576K
}
Event: 7310.289 GC heap after
{Heap after GC invocations=181 (full 0):
 garbage-first heap   total 567296K, used 130203K [0x0000000080000000, 0x0000000100000000)
  region size 1024K, 19 young (19456K), 19 survivors (19456K)
 Metaspace       used 134363K, capacity 138963K, committed 139852K, reserved 1171456K
  class space    used 16099K, capacity 17755K, committed 17996K, reserved 1048576K
}
Event: 7310.305 GC heap before
{Heap before GC invocations=181 (full 0):
 garbage-first heap   total 567296K, used 138395K [0x0000000080000000, 0x0000000100000000)
  region size 1024K, 27 young (27648K), 19 survivors (19456K)
 Metaspace       used 134364K, capacity 138963K, committed 139852K, reserved 1171456K
  class space    used 16099K, capacity 17755K, committed 17996K, reserved 1048576K
}
Event: 7310.325 GC heap after
{Heap after GC invocations=182 (full 0):
 garbage-first heap   total 567296K, used 121603K [0x0000000080000000, 0x0000000100000000)
  region size 1024K, 2 young (2048K), 2 survivors (2048K)
 Metaspace       used 134364K, capacity 138963K, committed 139852K, reserved 1171456K
  class space    used 16099K, capacity 17755K, committed 17996K, reserved 1048576K
}
Event: 7310.339 GC heap before
{Heap before GC invocations=182 (full 0):
 garbage-first heap   total 567296K, used 125699K [0x0000000080000000, 0x0000000100000000)
  region size 1024K, 8 young (8192K), 2 survivors (2048K)
 Metaspace       used 134364K, capacity 138963K, committed 139852K, reserved 1171456K
  class space    used 16099K, capacity 17755K, committed 17996K, reserved 1048576K
}
Event: 7310.352 GC heap after
{Heap after GC invocations=183 (full 0):
 garbage-first heap   total 567296K, used 124310K [0x0000000080000000, 0x0000000100000000)
  region size 1024K, 5 young (5120K), 5 survivors (5120K)
 Metaspace       used 134364K, capacity 138963K, committed 139852K, reserved 1171456K
  class space    used 16099K, capacity 17755K, committed 17996K, reserved 1048576K
}
Event: 7374.723 GC heap before
{Heap before GC invocations=184 (full 0):
 garbage-first heap   total 567296K, used 476566K [0x0000000080000000, 0x0000000100000000)
  region size 1024K, 297 young (304128K), 5 survivors (5120K)
 Metaspace       used 134464K, capacity 139102K, committed 140108K, reserved 1171456K
  class space    used 16100K, capacity 17757K, committed 17996K, reserved 1048576K
}
Event: 7374.738 GC heap after
{Heap after GC invocations=185 (full 0):
 garbage-first heap   total 567296K, used 130951K [0x0000000080000000, 0x0000000100000000)
  region size 1024K, 10 young (10240K), 10 survivors (10240K)
 Metaspace       used 134464K, capacity 139102K, committed 140108K, reserved 1171456K
  class space    used 16100K, capacity 17757K, committed 17996K, reserved 1048576K
}
Event: 7374.777 GC heap before
{Heap before GC invocations=185 (full 0):
 garbage-first heap   total 567296K, used 147335K [0x0000000080000000, 0x0000000100000000)
  region size 1024K, 27 young (27648K), 10 survivors (10240K)
 Metaspace       used 134464K, capacity 139102K, committed 140108K, reserved 1171456K
  class space    used 16100K, capacity 17757K, committed 17996K, reserved 1048576K
}
Event: 7374.794 GC heap after
{Heap after GC invocations=186 (full 0):
 garbage-first heap   total 567296K, used 124224K [0x0000000080000000, 0x0000000100000000)
  region size 1024K, 4 young (4096K), 4 survivors (4096K)
 Metaspace       used 134464K, capacity 139102K, committed 140108K, reserved 1171456K
  class space    used 16100K, capacity 17757K, committed 17996K, reserved 1048576K
}
Event: 7375.060 GC heap before
{Heap before GC invocations=186 (full 0):
 garbage-first heap   total 567296K, used 159040K [0x0000000080000000, 0x0000000100000000)
  region size 1024K, 40 young (40960K), 4 survivors (4096K)
 Metaspace       used 134471K, capacity 139108K, committed 140108K, reserved 1171456K
  class space    used 16101K, capacity 17758K, committed 17996K, reserved 1048576K
}
Event: 7375.072 GC heap after
{Heap after GC invocations=187 (full 0):
 garbage-first heap   total 567296K, used 123426K [0x0000000080000000, 0x0000000100000000)
  region size 1024K, 3 young (3072K), 3 survivors (3072K)
 Metaspace       used 134471K, capacity 139108K, committed 140108K, reserved 1171456K
  class space    used 16101K, capacity 17758K, committed 17996K, reserved 1048576K
}
Event: 8415.239 GC heap before
{Heap before GC invocations=188 (full 0):
 garbage-first heap   total 567296K, used 416290K [0x0000000080000000, 0x0000000100000000)
  region size 1024K, 248 young (253952K), 3 survivors (3072K)
 Metaspace       used 134573K, capacity 139211K, committed 140108K, reserved 1171456K
  class space    used 16105K, capacity 17765K, committed 17996K, reserved 1048576K
}
Event: 8415.255 GC heap after
{Heap after GC invocations=189 (full 0):
 garbage-first heap   total 567296K, used 115443K [0x0000000080000000, 0x0000000100000000)
  region size 1024K, 6 young (6144K), 6 survivors (6144K)
 Metaspace       used 134573K, capacity 139211K, committed 140108K, reserved 1171456K
  class space    used 16105K, capacity 17765K, committed 17996K, reserved 1048576K
}
Event: 8415.434 GC heap before
{Heap before GC invocations=189 (full 0):
 garbage-first heap   total 567296K, used 137971K [0x0000000080000000, 0x0000000100000000)
  region size 1024K, 27 young (27648K), 6 survivors (6144K)
 Metaspace       used 134575K, capacity 139211K, committed 140108K, reserved 1171456K
  class space    used 16105K, capacity 17765K, committed 17996K, reserved 1048576K
}
Event: 8415.477 GC heap after
{Heap after GC invocations=190 (full 0):
 garbage-first heap   total 567296K, used 116981K [0x0000000080000000, 0x0000000100000000)
  region size 1024K, 4 young (4096K), 4 survivors (4096K)
 Metaspace       used 134575K, capacity 139211K, committed 140108K, reserved 1171456K
  class space    used 16105K, capacity 17765K, committed 17996K, reserved 1048576K
}
Event: 8415.657 GC heap before
{Heap before GC invocations=190 (full 0):
 garbage-first heap   total 567296K, used 148725K [0x0000000080000000, 0x0000000100000000)
  region size 1024K, 37 young (37888K), 4 survivors (4096K)
 Metaspace       used 134578K, capacity 139211K, committed 140108K, reserved 1171456K
  class space    used 16105K, capacity 17765K, committed 17996K, reserved 1048576K
}
Event: 8415.686 GC heap after
{Heap after GC invocations=191 (full 0):
 garbage-first heap   total 567296K, used 124149K [0x0000000080000000, 0x0000000100000000)
  region size 1024K, 11 young (11264K), 11 survivors (11264K)
 Metaspace       used 134578K, capacity 139211K, committed 140108K, reserved 1171456K
  class space    used 16105K, capacity 17765K, committed 17996K, reserved 1048576K
}

